<?xml version="1.0" encoding="UTF-8"?>
<testsuite name="io.grpc.examples.authentication.AuthClientTest" tests="2" skipped="0" failures="0" errors="0" timestamp="2019-05-03T13:15:08" hostname="bjhldeMacBook-Pro.local" time="0.013">
  <properties/>
  <testcase name="nonDefaultTokenDeliveredToServer" classname="io.grpc.examples.authentication.AuthClientTest" time="0.009"/>
  <testcase name="defaultTokenDeliveredToServer" classname="io.grpc.examples.authentication.AuthClientTest" time="0.004"/>
  <system-out><![CDATA[]]></system-out>
  <system-err><![CDATA[五月 03, 2019 9:15:08 下午 io.grpc.examples.authentication.AuthClient greet
信息: Will try to greet non default token test ...
五月 03, 2019 9:15:08 下午 io.grpc.examples.authentication.AuthClient greet
信息: Greeting: AuthClientTest user=non default token test
五月 03, 2019 9:15:08 下午 io.grpc.examples.authentication.AuthClient greet
信息: Will try to greet default token test ...
五月 03, 2019 9:15:08 下午 io.grpc.examples.authentication.AuthClient greet
信息: Greeting: AuthClientTest user=default token test
]]></system-err>
</testsuite>
