<?xml version="1.0" encoding="UTF-8"?>
<testsuite name="io.grpc.examples.helloworld.HelloWorldClientTest" tests="1" skipped="0" failures="0" errors="0" timestamp="2019-05-03T13:15:07" hostname="bjhldeMacBook-Pro.local" time="0.427">
  <properties/>
  <testcase name="greet_messageDeliveredToServer" classname="io.grpc.examples.helloworld.HelloWorldClientTest" time="0.427"/>
  <system-out><![CDATA[]]></system-out>
  <system-err><![CDATA[五月 03, 2019 9:15:08 下午 io.grpc.examples.helloworld.HelloWorldClient greet
信息: Will try to greet test name ...
五月 03, 2019 9:15:08 下午 io.grpc.examples.helloworld.HelloWorldClient greet
警告: RPC failed: Status{code=UNIMPLEMENTED, description=Method helloworld.Greeter/SayHello is unimplemented, cause=null}
]]></system-err>
</testsuite>
